<?xml version="1.0" encoding="UTF-8"?>
<testng-results total="1" passed="1" failed="0" skipped="0">
  <reporter-output>
  </reporter-output>
  <suite started-at="2024-11-30T10:17:17Z" name="Default suite" finished-at="2024-11-30T10:17:19Z" duration-ms="2082">
    <groups>
    </groups>
    <test started-at="2024-11-30T10:17:17Z" name="Default test" finished-at="2024-11-30T10:17:19Z" duration-ms="2082">
      <class name="function.Credentials">
        <test-method signature="Home()[pri:0, instance:function.Credentials@491b9b8]" started-at="2024-11-30T15:47:17Z" name="Home" finished-at="2024-11-30T15:47:19Z" duration-ms="2069" status="PASS">
          <reporter-output>
          </reporter-output>
        </test-method> <!-- Home -->
      </class> <!-- function.Credentials -->
    </test> <!-- Default test -->
  </suite> <!-- Default suite -->
</testng-results>
